<?xml version="1.0" encoding="UTF-8"?>
<!-- Generated by org.testng.reporters.JUnitReportReporter -->
<testsuite hostname="KADAVAKOLLUsAir" failures="0" tests="1" name="automation.cucumber.testrunner.TestRunner" time="27.983" errors="0" timestamp="20 Feb 2021 14:25:09 GMT">
  <testcase classname="automation.cucumber.testrunner.TestRunner" name="feature" time="27.983"/>
</testsuite> <!-- automation.cucumber.testrunner.TestRunner -->
