<?xml version="1.0" encoding="UTF-8"?>
<!-- Generated by org.testng.reporters.JUnitReportReporter -->
<testsuite hostname="KADAVAKOLLUsAir" failures="0" tests="1" name="automation.cucumber.testrunner.TestRunner" time="31.803" errors="0" timestamp="27 Feb 2021 12:41:53 GMT">
  <testcase classname="automation.cucumber.testrunner.TestRunner" name="feature" time="31.803"/>
</testsuite> <!-- automation.cucumber.testrunner.TestRunner -->
